2019-03-26 21:06:09.509 (0x7ffc99c013f0) Debug: New PolkitAgentListener  0x55d86250e8a0
2019-03-26 21:06:09.509 (0x7ffc99c013f0) Debug: Adding new listener  PolkitQt1::Agent::Listener(0x7ffc99c01400) for  0x55d86250e8a0
2019-03-26 21:06:12.951 (0x7ffcdf9ae4e0) Debug: ()
2019-03-26 21:06:14.966 (0x7ffcdf9ae4e0) Debug: WinIdChange 1200008 handle QWidgetWindow(0x55d2e433f450, name="LXQtPanel panel1Window") QScreen(0x55d2e4217f70, name="eDP1")
2019-03-26 21:06:17.343 (0x7ffcdf9ae4e0) Debug: Systray started
2019-03-26 21:06:24.473 (0x7ffcdf9ae4e0) Debug: Error on DBus request: QDBusError("org.freedesktop.DBus.Error.InvalidArgs", "Brak właściwości „ToolTip”")
2019-03-26 21:06:24.550 (0x7ffcdf9ae4e0) Warning: Cannot open file '/usr/share/icons/Humanity/devices/48/printer.svg', because: No such file or directory
2019-03-26 21:06:24.551 (0x7ffcdf9ae4e0) Warning: Cannot open file '/usr/share/icons/Humanity/devices/48/printer.svg', because: No such file or directory
2019-03-26 21:06:24.611 (0x7ffcdf9ae4e0) Debug: Error on DBus request: QDBusError("org.freedesktop.DBus.Error.InvalidArgs", "Brak właściwości „OverlayIconName”")
2019-03-26 21:06:24.639 (0x7ffcdf9ae4e0) Debug: Error on DBus request: QDBusError("org.freedesktop.DBus.Error.InvalidArgs", "Brak właściwości „OverlayIconPixmap”")
2019-03-26 21:06:24.639 (0x7ffcdf9ae4e0) Debug: Error on DBus request: QDBusError("org.freedesktop.DBus.Error.InvalidArgs", "Brak właściwości „AttentionIconPixmap”")
2019-03-26 21:06:24.796 (0x7ffd0f494d60) Debug: BatteryChanged discharging: false chargeLevel: 93.2656 actionTime: QTime(Invalid)
2019-03-26 21:06:24.816 (0x7ffd0f494d60) Debug: Inhibit got: 27
2019-03-26 21:06:25.181 (0x7ffd0f494d60) Debug: Starting idlenesswatcher
2019-03-26 21:06:34.012 (0x7ffd0f494d60) Debug: BatteryChanged discharging: false chargeLevel: 93.3079 actionTime: QTime(Invalid)
2019-03-26 21:06:35.247 (0x7ffe733e1360) Warning: QSystemTrayIcon::setVisible: No Icon set
2019-03-26 21:06:49.291 (0x7ffd0f494d60) Debug: BatteryChanged discharging: false chargeLevel: 93.3503 actionTime: QTime(Invalid)
2019-03-26 21:07:02.395 (0x7ffd0f494d60) Debug: BatteryChanged discharging: false chargeLevel: 93.3926 actionTime: QTime(Invalid)
2019-03-26 21:07:17.667 (0x7ffd0f494d60) Debug: BatteryChanged discharging: false chargeLevel: 93.435 actionTime: QTime(Invalid)
2019-03-26 21:07:32.953 (0x7ffd0f494d60) Debug: BatteryChanged discharging: false chargeLevel: 93.4773 actionTime: QTime(Invalid)
2019-03-26 21:07:48.221 (0x7ffd0f494d60) Debug: BatteryChanged discharging: false chargeLevel: 93.5197 actionTime: QTime(Invalid)
2019-03-26 21:07:51.766 (0x7ffcdf9ae4e0) Warning: QXcbConnection: XCB error: 3 (BadWindow), sequence: 4549, resource id: 33554437, major code: 18 (ChangeProperty), minor code: 0
2019-03-26 21:08:03.505 (0x7ffd0f494d60) Debug: BatteryChanged discharging: false chargeLevel: 93.562 actionTime: QTime(Invalid)
2019-03-26 21:08:20.947 (0x7ffd0f494d60) Debug: BatteryChanged discharging: false chargeLevel: 93.6044 actionTime: QTime(Invalid)
2019-03-26 21:08:36.241 (0x7ffd0f494d60) Debug: BatteryChanged discharging: false chargeLevel: 93.6468 actionTime: QTime(Invalid)
2019-03-26 21:08:51.517 (0x7ffd0f494d60) Debug: BatteryChanged discharging: false chargeLevel: 93.6891 actionTime: QTime(Invalid)
2019-03-26 21:09:06.795 (0x7ffd0f494d60) Debug: BatteryChanged discharging: false chargeLevel: 93.7315 actionTime: QTime(Invalid)
2019-03-26 21:09:22.067 (0x7ffd0f494d60) Debug: BatteryChanged discharging: false chargeLevel: 93.7738 actionTime: QTime(Invalid)
2019-03-26 21:09:37.353 (0x7ffd0f494d60) Debug: BatteryChanged discharging: false chargeLevel: 93.8162 actionTime: QTime(Invalid)
2019-03-26 21:09:54.819 (0x7ffd0f494d60) Debug: BatteryChanged discharging: false chargeLevel: 93.8585 actionTime: QTime(Invalid)
2019-03-26 21:10:25.368 (0x7ffd0f494d60) Debug: BatteryChanged discharging: false chargeLevel: 93.9432 actionTime: QTime(Invalid)
2019-03-26 21:12:01.369 (0x7ffd0f494d60) Debug: BatteryChanged discharging: false chargeLevel: 94.155 actionTime: QTime(Invalid)
2019-03-26 21:12:03.552 (0x7ffd0f494d60) Debug: BatteryChanged discharging: false chargeLevel: 94.1974 actionTime: QTime(Invalid)
2019-03-26 21:12:34.107 (0x7ffd0f494d60) Debug: BatteryChanged discharging: false chargeLevel: 94.2397 actionTime: QTime(Invalid)
2019-03-26 21:12:36.288 (0x7ffd0f494d60) Debug: BatteryChanged discharging: false chargeLevel: 94.2821 actionTime: QTime(Invalid)
2019-03-26 21:12:51.563 (0x7ffd0f494d60) Debug: BatteryChanged discharging: false chargeLevel: 94.3244 actionTime: QTime(Invalid)
2019-03-26 21:13:09.027 (0x7ffd0f494d60) Debug: BatteryChanged discharging: false chargeLevel: 94.3668 actionTime: QTime(Invalid)
2019-03-26 21:13:24.305 (0x7ffd0f494d60) Debug: BatteryChanged discharging: false chargeLevel: 94.4091 actionTime: QTime(Invalid)
2019-03-26 21:13:41.767 (0x7ffd0f494d60) Debug: BatteryChanged discharging: false chargeLevel: 94.4515 actionTime: QTime(Invalid)
2019-03-26 21:13:59.222 (0x7ffd0f494d60) Debug: BatteryChanged discharging: false chargeLevel: 94.4939 actionTime: QTime(Invalid)
2019-03-26 21:14:16.661 (0x7ffd0f494d60) Debug: BatteryChanged discharging: false chargeLevel: 94.5362 actionTime: QTime(Invalid)
2019-03-26 21:14:31.958 (0x7ffd0f494d60) Debug: BatteryChanged discharging: false chargeLevel: 94.5786 actionTime: QTime(Invalid)
2019-03-26 21:14:49.429 (0x7ffd0f494d60) Debug: BatteryChanged discharging: false chargeLevel: 94.6209 actionTime: QTime(Invalid)
2019-03-26 21:15:06.882 (0x7ffd0f494d60) Debug: BatteryChanged discharging: false chargeLevel: 94.6633 actionTime: QTime(Invalid)
2019-03-26 21:15:17.822 (0x7ffcdf9ae4e0) Warning: QXcbConnection: XCB error: 3 (BadWindow), sequence: 14566, resource id: 35651590, major code: 18 (ChangeProperty), minor code: 0
2019-03-26 21:15:24.361 (0x7ffd0f494d60) Debug: BatteryChanged discharging: false chargeLevel: 94.7056 actionTime: QTime(Invalid)
2019-03-26 21:15:29.785 (0x7ffcdf9ae4e0) Warning: QXcbConnection: XCB error: 3 (BadWindow), sequence: 14809, resource id: 12582977, major code: 18 (ChangeProperty), minor code: 0
2019-03-26 21:15:39.625 (0x7ffd0f494d60) Debug: BatteryChanged discharging: false chargeLevel: 94.748 actionTime: QTime(Invalid)
2019-03-26 21:15:46.033 (0x7ffcdf9ae4e0) Warning: QXcbConnection: XCB error: 3 (BadWindow), sequence: 15092, resource id: 12583004, major code: 18 (ChangeProperty), minor code: 0
2019-03-26 21:15:59.254 (0x7ffd0f494d60) Debug: BatteryChanged discharging: false chargeLevel: 94.7903 actionTime: QTime(Invalid)
2019-03-26 21:16:14.549 (0x7ffd0f494d60) Debug: BatteryChanged discharging: false chargeLevel: 94.8327 actionTime: QTime(Invalid)
2019-03-26 21:16:34.179 (0x7ffd0f494d60) Debug: BatteryChanged discharging: false chargeLevel: 94.8751 actionTime: QTime(Invalid)
2019-03-26 21:16:49.471 (0x7ffd0f494d60) Debug: BatteryChanged discharging: false chargeLevel: 94.9174 actionTime: QTime(Invalid)
2019-03-26 21:17:09.114 (0x7ffd0f494d60) Debug: BatteryChanged discharging: false chargeLevel: 94.9598 actionTime: QTime(Invalid)
2019-03-26 21:17:26.574 (0x7ffd0f494d60) Debug: BatteryChanged discharging: false chargeLevel: 95.0021 actionTime: QTime(Invalid)
2019-03-26 21:17:44.034 (0x7ffd0f494d60) Debug: BatteryChanged discharging: false chargeLevel: 95.0445 actionTime: QTime(Invalid)
2019-03-26 21:18:01.491 (0x7ffd0f494d60) Debug: BatteryChanged discharging: false chargeLevel: 95.0868 actionTime: QTime(Invalid)
2019-03-26 21:18:18.948 (0x7ffd0f494d60) Debug: BatteryChanged discharging: false chargeLevel: 95.1292 actionTime: QTime(Invalid)
2019-03-26 21:18:36.399 (0x7ffd0f494d60) Debug: BatteryChanged discharging: false chargeLevel: 95.1715 actionTime: QTime(Invalid)
2019-03-26 21:18:56.054 (0x7ffd0f494d60) Debug: BatteryChanged discharging: false chargeLevel: 95.2139 actionTime: QTime(Invalid)
2019-03-26 21:19:13.502 (0x7ffd0f494d60) Debug: BatteryChanged discharging: false chargeLevel: 95.2562 actionTime: QTime(Invalid)
2019-03-26 21:19:33.145 (0x7ffd0f494d60) Debug: BatteryChanged discharging: false chargeLevel: 95.2986 actionTime: QTime(Invalid)
2019-03-26 21:19:50.604 (0x7ffd0f494d60) Debug: BatteryChanged discharging: false chargeLevel: 95.341 actionTime: QTime(Invalid)
2019-03-26 21:20:10.221 (0x7ffd0f494d60) Debug: BatteryChanged discharging: false chargeLevel: 95.3833 actionTime: QTime(Invalid)
2019-03-26 21:20:26.183 (0x7ffcdf9ae4e0) Warning: QFSFileEngine::open: No file name specified
2019-03-26 21:20:26.183 (0x7ffcdf9ae4e0) Warning: "/etc/xdg/menus/lxqt-applications.menu not loading: No file name specified"
2019-03-26 21:20:29.884 (0x7ffd0f494d60) Debug: BatteryChanged discharging: false chargeLevel: 95.4257 actionTime: QTime(Invalid)
2019-03-26 21:20:47.357 (0x7ffd0f494d60) Debug: BatteryChanged discharging: false chargeLevel: 95.468 actionTime: QTime(Invalid)
2019-03-26 21:20:48.320 (0x7ffcdf9ae4e0) Warning: QXcbConnection: XCB error: 3 (BadWindow), sequence: 16883, resource id: 44040197, major code: 3 (GetWindowAttributes), minor code: 0
2019-03-26 21:20:48.320 (0x7ffcdf9ae4e0) Warning: QXcbConnection: XCB error: 3 (BadWindow), sequence: 16884, resource id: 44040197, major code: 2 (ChangeWindowAttributes), minor code: 0
2019-03-26 21:22:40.847 (0x7ffd0f494d60) Debug: BatteryChanged discharging: false chargeLevel: 95.6798 actionTime: QTime(Invalid)
2019-03-26 21:22:42.999 (0x7ffd0f494d60) Debug: BatteryChanged discharging: false chargeLevel: 95.7222 actionTime: QTime(Invalid)
2019-03-26 21:23:02.657 (0x7ffd0f494d60) Debug: BatteryChanged discharging: false chargeLevel: 95.7645 actionTime: QTime(Invalid)
2019-03-26 21:23:22.312 (0x7ffd0f494d60) Debug: BatteryChanged discharging: false chargeLevel: 95.8069 actionTime: QTime(Invalid)
2019-03-26 21:23:41.949 (0x7ffd0f494d60) Debug: BatteryChanged discharging: false chargeLevel: 95.8492 actionTime: QTime(Invalid)
2019-03-26 21:24:03.778 (0x7ffd0f494d60) Debug: BatteryChanged discharging: false chargeLevel: 95.8916 actionTime: QTime(Invalid)
2019-03-26 21:24:23.419 (0x7ffd0f494d60) Debug: BatteryChanged discharging: false chargeLevel: 95.9339 actionTime: QTime(Invalid)
2019-03-26 21:24:43.062 (0x7ffd0f494d60) Debug: BatteryChanged discharging: false chargeLevel: 95.9763 actionTime: QTime(Invalid)
2019-03-26 21:25:02.701 (0x7ffd0f494d60) Debug: BatteryChanged discharging: false chargeLevel: 96.0186 actionTime: QTime(Invalid)
2019-03-26 21:25:24.529 (0x7ffd0f494d60) Debug: BatteryChanged discharging: false chargeLevel: 96.061 actionTime: QTime(Invalid)
2019-03-26 21:25:39.821 (0x7ffd0f494d60) Debug: BatteryChanged discharging: false chargeLevel: 97.5011 actionTime: QTime(Invalid)
2019-03-26 21:25:39.825 (0x7ffd0f494d60) Debug: BatteryChanged discharging: false chargeLevel: 97.5011 actionTime: QTime(Invalid)
2019-03-26 21:25:44.167 (0x7ffd0f494d60) Debug: BatteryChanged discharging: false chargeLevel: 97.5434 actionTime: QTime(Invalid)
2019-03-26 21:25:48.859 (0x7ffd0f494d60) Debug: BatteryChanged discharging: true chargeLevel: 96.1033 actionTime: QTime(Invalid)
2019-03-26 21:25:48.864 (0x7ffd0f494d60) Debug: BatteryChanged discharging: true chargeLevel: 96.1033 actionTime: QTime(Invalid)
2019-03-26 21:25:59.573 (0x7ffd0f494d60) Debug: BatteryChanged discharging: true chargeLevel: 96.061 actionTime: QTime(Invalid)
2019-03-26 21:26:14.103 (0x7ffcdf9ae4e0) Warning: QXcbConnection: XCB error: 3 (BadWindow), sequence: 18600, resource id: 41943045, major code: 18 (ChangeProperty), minor code: 0
2019-03-26 21:26:14.253 (0x7ffcdf9ae4e0) Debug: Service ":1.100" unregistered
2019-03-26 21:26:14.260 (0x7ffcdf9ae4e0) Warning: The X11 connection broke (error 1). Did the X11 server die?
2019-03-26 21:26:16.377 (0x7ffd856bbe30) Warning: Module lxqt-panel.desktop won't terminate ... killing.
2019-03-26 21:26:16.379 (0x7ffd856bbe30) Warning: The X11 connection broke (error 1). Did the X11 server die?
